Build started 10/11/2014 1:12:45 AM.
     1>Project "C:\Users\ShaoKun\astria\astria\astria.vcxproj" on node 2 (Build target(s)).
     1>ClCompile:
         C:\Program Files (x86)\Microsoft Visual Studio 12.0\VC\bin\CL.exe /c /Zi /nologo /W3 /WX- /sdl /O2 /Oi /Oy- /GL /D _CRT_NONSTDC_NO_DEPRECATE /D _CRT_SECURE_NO_DEPRECATE /D _MBCS /Gm- /EHsc /MD /GS /Gy /fp:precise /Zc:wchar_t /Zc:forScope /Fo"Release\\" /Fd"Release\vc120.pdb" /Gd /TP /analyze- /errorReport:prompt Main_OnInit.cpp
         Main_OnInit.cpp
       Link:
         C:\Program Files (x86)\Microsoft Visual Studio 12.0\VC\bin\link.exe /ERRORREPORT:PROMPT /OUT:"C:\Users\ShaoKun\astria\Release\astria.exe" /NOLOGO SDL2.lib SDL2main.lib SDL2_image.lib opengl32.lib glu32.lib glew32.lib assimp.lib kernel32.lib user32.lib gdi32.lib winspool.lib comdlg32.lib advapi32.lib shell32.lib ole32.lib oleaut32.lib uuid.lib odbc32.lib odbccp32.lib /MANIFEST /MANIFESTUAC:"level='asInvoker' uiAccess='false'" /manifest:embed /DEBUG /PDB:"C:\Users\ShaoKun\astria\Release\astria.pdb" /SUBSYSTEM:CONSOLE /OPT:REF /OPT:ICF /LTCG /TLBID:1 /DYNAMICBASE /NXCOMPAT /IMPLIB:"C:\Users\ShaoKun\astria\Release\astria.lib" /MACHINE:X86 /SAFESEH Release\Agent.obj
         Release\Event.obj
         Release\FileManager.obj
         Release\FPS.obj
         Release\Gene.obj
         Release\Main.obj
         Release\NeuralNet.obj
         Release\Object.obj
         Release\Params.obj
         Release\Light.obj
         Release\Main_OnEvent.obj
         Release\Main_OnExit.obj
         Release\Main_OnInit.obj
         Release\Main_OnRender.obj
         Release\Main_OnUpdate.obj
         Release\Model.obj
         Release\Shader.obj
         Release\Skybox.obj
         Release\StaticObj.obj
         Release\State.obj
         Release\Texture.obj
         Release\Stringify.obj
         Release\VBO.obj
         Generating code
         Finished generating code
         astria.vcxproj -> C:\Users\ShaoKun\astria\Release\astria.exe
     1>Done Building Project "C:\Users\ShaoKun\astria\astria\astria.vcxproj" (Build target(s)).

Build succeeded.

Time Elapsed 00:00:02.41
